  actor.cpp
  actorManager.cpp
D:\ProjectRPG\ProjectRPG\actorManager.cpp(109,20): warning C4267: 'return': conversión de 'size_t' a 'int'; posible pérdida de datos
  basicBlock.cpp
  buttonClass.cpp
  cameraClass.cpp
  ColliderClass.cpp
  colliderManager.cpp
  controlManager.cpp
  dirtTileClass.cpp
  game.cpp
  gameEditorClass.cpp
D:\ProjectRPG\ProjectRPG\mapClass.h(36,42): warning C4267: 'return': conversión de 'size_t' a 'int'; posible pérdida de datos
  (compilando archivo de origen "gameEditorClass.cpp")
  
  grassTileClass.cpp
  keyboardClass.cpp
  main.cpp
  mapClass.cpp
D:\ProjectRPG\ProjectRPG\mapClass.h(36,42): warning C4267: 'return': conversión de 'size_t' a 'int'; posible pérdida de datos
  (compilando archivo de origen "mapClass.cpp")
  
  menuClass.cpp
D:\ProjectRPG\ProjectRPG\mapClass.h(36,42): warning C4267: 'return': conversión de 'size_t' a 'int'; posible pérdida de datos
  (compilando archivo de origen "menuClass.cpp")
  
  NetworkClient.cpp
D:\ProjectRPG\ProjectRPG\NetworkClient.cpp(56,65): warning C4267: 'argumento': conversión de 'size_t' a 'int'; posible pérdida de datos
  NetworkServer.cpp
D:\ProjectRPG\ProjectRPG\NetworkServer.cpp(93,73): warning C4267: 'argumento': conversión de 'size_t' a 'int'; posible pérdida de datos
  objectsClass.cpp
  panelEditorClass.cpp
  Compilando...
  player.cpp
  stageManager.cpp
  staticButtonClass.cpp
  swordClass.cpp
  TestFramework.cpp
D:\ProjectRPG\ProjectRPG\mapClass.h(36,42): warning C4267: 'return': conversión de 'size_t' a 'int'; posible pérdida de datos
  (compilando archivo de origen "TestFramework.cpp")
  
  tilesClass.cpp
  WRdataClass.cpp
  Generando código
  Previous IPDB was built with incompatible compiler, fall back to full compilation.
  All 677 functions were compiled because no usable IPDB/IOBJ from previous compilation was found.
  Generación de código finalizada
  ProjectRPG.vcxproj -> D:\ProjectRPG\x64\Release\ProjectRPG.exe
